<?xml version="1.0" encoding="UTF-8"?>
<coverage generated="1783023856054" clover="3.2.0">
  <project timestamp="1783023856054" name="All files">
    <metrics statements="145" coveredstatements="134" conditionals="58" coveredconditionals="44" methods="41" coveredmethods="36" elements="244" coveredelements="214" complexity="0" loc="145" ncloc="145" packages="6" files="13" classes="13"/>
    <package name="src">
      <metrics statements="33" coveredstatements="31" conditionals="8" coveredconditionals="8" methods="9" coveredmethods="9"/>
      <file name="App.jsx" path="/Users/prashant/Desktop/react/rewards-app/src/App.jsx">
        <metrics statements="31" coveredstatements="31" conditionals="8" coveredconditionals="8" methods="9" coveredmethods="9"/>
        <line num="22" count="17" type="stmt"/>
        <line num="23" count="17" type="stmt"/>
        <line num="24" count="17" type="stmt"/>
        <line num="26" count="17" type="stmt"/>
        <line num="27" count="6" type="stmt"/>
        <line num="28" count="6" type="stmt"/>
        <line num="29" count="6" type="stmt"/>
        <line num="30" count="6" type="stmt"/>
        <line num="31" count="2" type="stmt"/>
        <line num="33" count="4" type="stmt"/>
        <line num="38" count="6" type="stmt"/>
        <line num="42" count="17" type="stmt"/>
        <line num="43" count="6" type="stmt"/>
        <line num="47" count="17" type="stmt"/>
        <line num="53" count="17" type="stmt"/>
        <line num="54" count="17" type="cond" truecount="2" falsecount="0"/>
        <line num="56" count="2" type="stmt"/>
        <line num="58" count="4" type="stmt"/>
        <line num="62" count="2" type="stmt"/>
        <line num="63" count="2" type="stmt"/>
        <line num="65" count="2" type="stmt"/>
        <line num="66" count="4" type="stmt"/>
        <line num="68" count="4" type="cond" truecount="2" falsecount="0"/>
        <line num="72" count="17" type="stmt"/>
        <line num="73" count="17" type="stmt"/>
        <line num="76" count="17" type="stmt"/>
        <line num="77" count="17" type="stmt"/>
        <line num="80" count="17" type="cond" truecount="2" falsecount="0"/>
        <line num="82" count="11" type="cond" truecount="2" falsecount="0"/>
        <line num="83" count="3" type="stmt"/>
        <line num="86" count="8" type="stmt"/>
      </file>
      <file name="index.jsx" path="/Users/prashant/Desktop/react/rewards-app/src/index.jsx">
        <metrics statements="2" coveredstatements="0" conditionals="0" coveredconditionals="0" methods="0" coveredmethods="0"/>
        <line num="7" count="0" type="stmt"/>
        <line num="11" count="0" type="stmt"/>
      </file>
    </package>
    <package name="src.components">
      <metrics statements="48" coveredstatements="39" conditionals="26" coveredconditionals="14" methods="19" coveredmethods="14"/>
      <file name="DataTable.jsx" path="/Users/prashant/Desktop/react/rewards-app/src/components/DataTable.jsx">
        <metrics statements="45" coveredstatements="36" conditionals="26" coveredconditionals="14" methods="17" coveredmethods="12"/>
        <line num="13" count="40" type="stmt"/>
        <line num="14" count="40" type="stmt"/>
        <line num="15" count="40" type="stmt"/>
        <line num="18" count="40" type="stmt"/>
        <line num="19" count="40" type="stmt"/>
        <line num="20" count="40" type="stmt"/>
        <line num="21" count="42" type="stmt"/>
        <line num="22" count="44" type="stmt"/>
        <line num="25" count="40" type="cond" truecount="2" falsecount="0"/>
        <line num="26" count="39" type="stmt"/>
        <line num="28" count="1" type="stmt"/>
        <line num="29" count="3" type="stmt"/>
        <line num="30" count="3" type="stmt"/>
        <line num="32" count="3" type="cond" truecount="2" falsecount="0"/>
        <line num="33" count="2" type="cond" truecount="1" falsecount="1"/>
        <line num="34" count="0" type="stmt"/>
        <line num="41" count="40" type="stmt"/>
        <line num="42" count="40" type="stmt"/>
        <line num="44" count="40" type="stmt"/>
        <line num="46" count="40" type="stmt"/>
        <line num="47" count="0" type="cond" truecount="0" falsecount="4"/>
        <line num="48" count="0" type="stmt"/>
        <line num="52" count="40" type="stmt"/>
        <line num="54" count="40" type="stmt"/>
        <line num="58" count="0" type="stmt"/>
        <line num="63" count="40" type="cond" truecount="1" falsecount="1"/>
        <line num="65" count="40" type="stmt"/>
        <line num="69" count="21" type="stmt"/>
        <line num="72" count="40" type="stmt"/>
        <line num="74" count="21" type="stmt"/>
        <line num="78" count="0" type="stmt"/>
        <line num="85" count="40" type="cond" truecount="2" falsecount="2"/>
        <line num="86" count="0" type="stmt"/>
        <line num="89" count="40" type="cond" truecount="2" falsecount="2"/>
        <line num="90" count="0" type="stmt"/>
        <line num="95" count="0" type="stmt"/>
        <line num="102" count="40" type="stmt"/>
        <line num="106" count="0" type="stmt"/>
        <line num="111" count="40" type="stmt"/>
        <line num="121" count="1" type="stmt"/>
        <line num="122" count="1" type="stmt"/>
        <line num="130" count="146" type="stmt"/>
        <line num="140" count="40" type="stmt"/>
        <line num="142" count="134" type="cond" truecount="1" falsecount="1"/>
        <line num="161" count="5" type="stmt"/>
      </file>
      <file name="Loader.jsx" path="/Users/prashant/Desktop/react/rewards-app/src/components/Loader.jsx">
        <metrics statements="1" coveredstatements="1" conditionals="0" coveredconditionals="0" methods="1" coveredmethods="1"/>
        <line num="4" count="9" type="stmt"/>
      </file>
      <file name="Notification.jsx" path="/Users/prashant/Desktop/react/rewards-app/src/components/Notification.jsx">
        <metrics statements="2" coveredstatements="2" conditionals="0" coveredconditionals="0" methods="1" coveredmethods="1"/>
        <line num="5" count="7" type="stmt"/>
        <line num="12" count="2" type="stmt"/>
      </file>
    </package>
    <package name="src.constants">
      <metrics statements="1" coveredstatements="1" conditionals="0" coveredconditionals="0" methods="0" coveredmethods="0"/>
      <file name="constants.js" path="/Users/prashant/Desktop/react/rewards-app/src/constants/constants.js">
        <metrics statements="1" coveredstatements="1" conditionals="0" coveredconditionals="0" methods="0" coveredmethods="0"/>
        <line num="3" count="5" type="stmt"/>
      </file>
    </package>
    <package name="src.helper">
      <metrics statements="40" coveredstatements="40" conditionals="18" coveredconditionals="16" methods="9" coveredmethods="9"/>
      <file name="dateUtils.js" path="/Users/prashant/Desktop/react/rewards-app/src/helper/dateUtils.js">
        <metrics statements="4" coveredstatements="4" conditionals="0" coveredconditionals="0" methods="1" coveredmethods="1"/>
        <line num="9" count="3" type="stmt"/>
        <line num="10" count="11" type="stmt"/>
        <line num="12" count="11" type="stmt"/>
        <line num="19" count="3" type="stmt"/>
      </file>
      <file name="logger.js" path="/Users/prashant/Desktop/react/rewards-app/src/helper/logger.js">
        <metrics statements="9" coveredstatements="9" conditionals="3" coveredconditionals="3" methods="1" coveredmethods="1"/>
        <line num="3" count="2" type="stmt"/>
        <line num="4" count="5" type="cond" truecount="3" falsecount="0"/>
        <line num="6" count="3" type="stmt"/>
        <line num="7" count="3" type="stmt"/>
        <line num="9" count="1" type="stmt"/>
        <line num="10" count="1" type="stmt"/>
        <line num="12" count="1" type="stmt"/>
        <line num="13" count="1" type="stmt"/>
        <line num="17" count="2" type="stmt"/>
      </file>
      <file name="rewardUtils.js" path="/Users/prashant/Desktop/react/rewards-app/src/helper/rewardUtils.js">
        <metrics statements="27" coveredstatements="27" conditionals="15" coveredconditionals="13" methods="7" coveredmethods="7"/>
        <line num="12" count="2" type="stmt"/>
        <line num="13" count="12" type="cond" truecount="5" falsecount="0"/>
        <line num="14" count="2" type="stmt"/>
        <line num="17" count="10" type="cond" truecount="2" falsecount="0"/>
        <line num="18" count="5" type="stmt"/>
        <line num="21" count="5" type="cond" truecount="2" falsecount="0"/>
        <line num="22" count="4" type="stmt"/>
        <line num="25" count="1" type="stmt"/>
        <line num="29" count="2" type="stmt"/>
        <line num="30" count="8" type="stmt"/>
        <line num="37" count="2" type="cond" truecount="0" falsecount="1"/>
        <line num="38" count="19" type="stmt"/>
        <line num="53" count="19" type="stmt"/>
        <line num="54" count="7" type="stmt"/>
        <line num="56" count="7" type="stmt"/>
        <line num="58" count="7" type="cond" truecount="2" falsecount="0"/>
        <line num="59" count="6" type="stmt"/>
        <line num="67" count="7" type="stmt"/>
        <line num="69" count="7" type="stmt"/>
        <line num="72" count="19" type="stmt"/>
        <line num="76" count="2" type="cond" truecount="0" falsecount="1"/>
        <line num="77" count="19" type="stmt"/>
        <line num="78" count="7" type="cond" truecount="2" falsecount="0"/>
        <line num="79" count="6" type="stmt"/>
        <line num="85" count="7" type="stmt"/>
        <line num="87" count="7" type="stmt"/>
        <line num="90" count="19" type="stmt"/>
      </file>
    </package>
    <package name="src.pages">
      <metrics statements="12" coveredstatements="12" conditionals="0" coveredconditionals="0" methods="3" coveredmethods="3"/>
      <file name="MonthlyRewardsTable.jsx" path="/Users/prashant/Desktop/react/rewards-app/src/pages/MonthlyRewardsTable.jsx">
        <metrics statements="4" coveredstatements="4" conditionals="0" coveredconditionals="0" methods="1" coveredmethods="1"/>
        <line num="11" count="2" type="stmt"/>
        <line num="17" count="2" type="stmt"/>
        <line num="19" count="11" type="stmt"/>
        <line num="31" count="2" type="stmt"/>
      </file>
      <file name="TotalRewardsTable.jsx" path="/Users/prashant/Desktop/react/rewards-app/src/pages/TotalRewardsTable.jsx">
        <metrics statements="4" coveredstatements="4" conditionals="0" coveredconditionals="0" methods="1" coveredmethods="1"/>
        <line num="11" count="2" type="stmt"/>
        <line num="16" count="2" type="stmt"/>
        <line num="18" count="11" type="stmt"/>
        <line num="30" count="2" type="stmt"/>
      </file>
      <file name="TransactionsTable.jsx" path="/Users/prashant/Desktop/react/rewards-app/src/pages/TransactionsTable.jsx">
        <metrics statements="4" coveredstatements="4" conditionals="0" coveredconditionals="0" methods="1" coveredmethods="1"/>
        <line num="11" count="2" type="stmt"/>
        <line num="20" count="2" type="stmt"/>
        <line num="22" count="11" type="stmt"/>
        <line num="35" count="2" type="stmt"/>
      </file>
    </package>
    <package name="src.services">
      <metrics statements="11" coveredstatements="11" conditionals="6" coveredconditionals="6" methods="1" coveredmethods="1"/>
      <file name="api.js" path="/Users/prashant/Desktop/react/rewards-app/src/services/api.js">
        <metrics statements="11" coveredstatements="11" conditionals="6" coveredconditionals="6" methods="1" coveredmethods="1"/>
        <line num="8" count="2" type="stmt"/>
        <line num="9" count="5" type="stmt"/>
        <line num="10" count="5" type="stmt"/>
        <line num="12" count="4" type="cond" truecount="2" falsecount="0"/>
        <line num="13" count="1" type="stmt"/>
        <line num="16" count="3" type="stmt"/>
        <line num="18" count="3" type="cond" truecount="2" falsecount="0"/>
        <line num="22" count="1" type="stmt"/>
        <line num="25" count="2" type="stmt"/>
        <line num="27" count="3" type="stmt"/>
        <line num="28" count="3" type="stmt"/>
      </file>
    </package>
  </project>
</coverage>
