{"/Users/prashant/Desktop/react/rewards-app/src/App.jsx": {"path":"/Users/prashant/Desktop/react/rewards-app/src/App.jsx","statementMap":{"0":{"start":{"line":22,"column":48},"end":{"line":22,"column":60}},"1":{"start":{"line":23,"column":32},"end":{"line":23,"column":47}},"2":{"start":{"line":24,"column":28},"end":{"line":24,"column":42}},"3":{"start":{"line":26,"column":19},"end":{"line":40,"column":3}},"4":{"start":{"line":27,"column":4},"end":{"line":39,"column":5}},"5":{"start":{"line":28,"column":6},"end":{"line":28,"column":23}},"6":{"start":{"line":29,"column":27},"end":{"line":29,"column":52}},"7":{"start":{"line":30,"column":27},"end":{"line":30,"column":62}},"8":{"start":{"line":31,"column":6},"end":{"line":31,"column":39}},"9":{"start":{"line":33,"column":6},"end":{"line":36,"column":9}},"10":{"start":{"line":38,"column":6},"end":{"line":38,"column":24}},"11":{"start":{"line":42,"column":2},"end":{"line":44,"column":9}},"12":{"start":{"line":43,"column":4},"end":{"line":43,"column":15}},"13":{"start":{"line":47,"column":20},"end":{"line":50,"column":5}},"14":{"start":{"line":47,"column":51},"end":{"line":50,"column":3}},"15":{"start":{"line":53,"column":26},"end":{"line":70,"column":17}},"16":{"start":{"line":54,"column":4},"end":{"line":54,"column":37}},"17":{"start":{"line":54,"column":27},"end":{"line":54,"column":37}},"18":{"start":{"line":56,"column":23},"end":{"line":60,"column":5}},"19":{"start":{"line":58,"column":35},"end":{"line":58,"column":72}},"20":{"start":{"line":62,"column":27},"end":{"line":62,"column":47}},"21":{"start":{"line":63,"column":4},"end":{"line":63,"column":55}},"22":{"start":{"line":65,"column":4},"end":{"line":69,"column":7}},"23":{"start":{"line":66,"column":27},"end":{"line":66,"column":53}},"24":{"start":{"line":68,"column":6},"end":{"line":68,"column":74}},"25":{"start":{"line":72,"column":25},"end":{"line":74,"column":23}},"26":{"start":{"line":73,"column":4},"end":{"line":73,"column":51}},"27":{"start":{"line":76,"column":23},"end":{"line":78,"column":23}},"28":{"start":{"line":77,"column":4},"end":{"line":77,"column":55}},"29":{"start":{"line":80,"column":2},"end":{"line":80,"column":33}},"30":{"start":{"line":80,"column":15},"end":{"line":80,"column":33}},"31":{"start":{"line":82,"column":2},"end":{"line":84,"column":3}},"32":{"start":{"line":83,"column":4},"end":{"line":83,"column":52}},"33":{"start":{"line":86,"column":2},"end":{"line":118,"column":4}}},"fnMap":{"0":{"name":"App","decl":{"start":{"line":21,"column":9},"end":{"line":21,"column":12}},"loc":{"start":{"line":21,"column":15},"end":{"line":119,"column":1}},"line":21},"1":{"name":"(anonymous_1)","decl":{"start":{"line":26,"column":19},"end":{"line":26,"column":20}},"loc":{"start":{"line":26,"column":31},"end":{"line":40,"column":3}},"line":26},"2":{"name":"(anonymous_2)","decl":{"start":{"line":42,"column":12},"end":{"line":42,"column":13}},"loc":{"start":{"line":42,"column":18},"end":{"line":44,"column":3}},"line":42},"3":{"name":"(anonymous_3)","decl":{"start":{"line":47,"column":40},"end":{"line":47,"column":41}},"loc":{"start":{"line":47,"column":51},"end":{"line":50,"column":3}},"line":47},"4":{"name":"(anonymous_4)","decl":{"start":{"line":53,"column":34},"end":{"line":53,"column":35}},"loc":{"start":{"line":53,"column":40},"end":{"line":70,"column":3}},"line":53},"5":{"name":"(anonymous_5)","decl":{"start":{"line":58,"column":25},"end":{"line":58,"column":26}},"loc":{"start":{"line":58,"column":35},"end":{"line":58,"column":72}},"line":58},"6":{"name":"(anonymous_6)","decl":{"start":{"line":65,"column":28},"end":{"line":65,"column":29}},"loc":{"start":{"line":65,"column":37},"end":{"line":69,"column":5}},"line":65},"7":{"name":"(anonymous_7)","decl":{"start":{"line":72,"column":33},"end":{"line":72,"column":34}},"loc":{"start":{"line":72,"column":39},"end":{"line":74,"column":3}},"line":72},"8":{"name":"(anonymous_8)","decl":{"start":{"line":76,"column":31},"end":{"line":76,"column":32}},"loc":{"start":{"line":76,"column":37},"end":{"line":78,"column":3}},"line":76}},"branchMap":{"0":{"loc":{"start":{"line":54,"column":4},"end":{"line":54,"column":37}},"type":"if","locations":[{"start":{"line":54,"column":4},"end":{"line":54,"column":37}},{"start":{},"end":{}}],"line":54},"1":{"loc":{"start":{"line":68,"column":13},"end":{"line":68,"column":73}},"type":"binary-expr","locations":[{"start":{"line":68,"column":13},"end":{"line":68,"column":43}},{"start":{"line":68,"column":47},"end":{"line":68,"column":73}}],"line":68},"2":{"loc":{"start":{"line":80,"column":2},"end":{"line":80,"column":33}},"type":"if","locations":[{"start":{"line":80,"column":2},"end":{"line":80,"column":33}},{"start":{},"end":{}}],"line":80},"3":{"loc":{"start":{"line":82,"column":2},"end":{"line":84,"column":3}},"type":"if","locations":[{"start":{"line":82,"column":2},"end":{"line":84,"column":3}},{"start":{},"end":{}}],"line":82}},"s":{"0":17,"1":17,"2":17,"3":17,"4":6,"5":6,"6":6,"7":6,"8":2,"9":4,"10":6,"11":17,"12":6,"13":17,"14":4,"15":17,"16":17,"17":15,"18":2,"19":4,"20":2,"21":2,"22":2,"23":4,"24":4,"25":17,"26":17,"27":17,"28":17,"29":17,"30":6,"31":11,"32":3,"33":8},"f":{"0":17,"1":6,"2":6,"3":4,"4":17,"5":4,"6":4,"7":17,"8":17},"b":{"0":[15,2],"1":[4,4],"2":[6,11],"3":[3,8]},"_coverageSchema":"1a1c01bbd47fc00a2c39e90264f33305004495a9","hash":"91e90b31b0cb9ded5314f9fd03b1ce43f9b3e07a"}
,"/Users/prashant/Desktop/react/rewards-app/src/index.jsx": {"path":"/Users/prashant/Desktop/react/rewards-app/src/index.jsx","statementMap":{"0":{"start":{"line":7,"column":13},"end":{"line":9,"column":1}},"1":{"start":{"line":11,"column":0},"end":{"line":15,"column":2}}},"fnMap":{},"branchMap":{},"s":{"0":0,"1":0},"f":{},"b":{}}
,"/Users/prashant/Desktop/react/rewards-app/src/components/DataTable.jsx": {"path":"/Users/prashant/Desktop/react/rewards-app/src/components/DataTable.jsx","statementMap":{"0":{"start":{"line":13,"column":30},"end":{"line":13,"column":42}},"1":{"start":{"line":14,"column":32},"end":{"line":14,"column":46}},"2":{"start":{"line":15,"column":40},"end":{"line":15,"column":51}},"3":{"start":{"line":18,"column":21},"end":{"line":18,"column":41}},"4":{"start":{"line":19,"column":24},"end":{"line":36,"column":33}},"5":{"start":{"line":20,"column":19},"end":{"line":24,"column":5}},"6":{"start":{"line":21,"column":6},"end":{"line":23,"column":7}},"7":{"start":{"line":22,"column":8},"end":{"line":22,"column":54}},"8":{"start":{"line":25,"column":4},"end":{"line":27,"column":5}},"9":{"start":{"line":26,"column":6},"end":{"line":26,"column":22}},"10":{"start":{"line":28,"column":4},"end":{"line":35,"column":7}},"11":{"start":{"line":29,"column":21},"end":{"line":29,"column":31}},"12":{"start":{"line":30,"column":21},"end":{"line":30,"column":31}},"13":{"start":{"line":32,"column":6},"end":{"line":32,"column":37}},"14":{"start":{"line":32,"column":27},"end":{"line":32,"column":37}},"15":{"start":{"line":33,"column":6},"end":{"line":33,"column":36}},"16":{"start":{"line":33,"column":27},"end":{"line":33,"column":36}},"17":{"start":{"line":34,"column":6},"end":{"line":34,"column":15}},"18":{"start":{"line":41,"column":17},"end":{"line":41,"column":51}},"19":{"start":{"line":42,"column":24},"end":{"line":42,"column":76}},"20":{"start":{"line":44,"column":21},"end":{"line":44,"column":69}},"21":{"start":{"line":46,"column":27},"end":{"line":50,"column":3}},"22":{"start":{"line":47,"column":4},"end":{"line":49,"column":5}},"23":{"start":{"line":48,"column":6},"end":{"line":48,"column":27}},"24":{"start":{"line":52,"column":16},"end":{"line":52,"column":18}},"25":{"start":{"line":54,"column":2},"end":{"line":61,"column":4}},"26":{"start":{"line":58,"column":21},"end":{"line":58,"column":54}},"27":{"start":{"line":63,"column":20},"end":{"line":63,"column":54}},"28":{"start":{"line":65,"column":23},"end":{"line":70,"column":3}},"29":{"start":{"line":69,"column":18},"end":{"line":69,"column":35}},"30":{"start":{"line":72,"column":2},"end":{"line":83,"column":4}},"31":{"start":{"line":74,"column":6},"end":{"line":81,"column":24}},"32":{"start":{"line":78,"column":23},"end":{"line":78,"column":45}},"33":{"start":{"line":85,"column":2},"end":{"line":87,"column":3}},"34":{"start":{"line":86,"column":4},"end":{"line":86,"column":55}},"35":{"start":{"line":89,"column":2},"end":{"line":100,"column":3}},"36":{"start":{"line":90,"column":4},"end":{"line":99,"column":6}},"37":{"start":{"line":95,"column":23},"end":{"line":95,"column":51}},"38":{"start":{"line":102,"column":2},"end":{"line":109,"column":4}},"39":{"start":{"line":106,"column":21},"end":{"line":106,"column":54}},"40":{"start":{"line":111,"column":2},"end":{"line":158,"column":4}},"41":{"start":{"line":121,"column":10},"end":{"line":121,"column":36}},"42":{"start":{"line":122,"column":10},"end":{"line":122,"column":28}},"43":{"start":{"line":130,"column":14},"end":{"line":132,"column":19}},"44":{"start":{"line":130,"column":53},"end":{"line":130,"column":72}},"45":{"start":{"line":140,"column":14},"end":{"line":144,"column":19}},"46":{"start":{"line":142,"column":18},"end":{"line":142,"column":78}},"47":{"start":{"line":161,"column":0},"end":{"line":170,"column":2}}},"fnMap":{"0":{"name":"DataTable","decl":{"start":{"line":12,"column":9},"end":{"line":12,"column":18}},"loc":{"start":{"line":12,"column":47},"end":{"line":159,"column":1}},"line":12},"1":{"name":"(anonymous_1)","decl":{"start":{"line":19,"column":32},"end":{"line":19,"column":33}},"loc":{"start":{"line":19,"column":38},"end":{"line":36,"column":3}},"line":19},"2":{"name":"(anonymous_2)","decl":{"start":{"line":20,"column":31},"end":{"line":20,"column":32}},"loc":{"start":{"line":21,"column":6},"end":{"line":23,"column":7}},"line":21},"3":{"name":"(anonymous_3)","decl":{"start":{"line":21,"column":30},"end":{"line":21,"column":31}},"loc":{"start":{"line":22,"column":8},"end":{"line":22,"column":54}},"line":22},"4":{"name":"(anonymous_4)","decl":{"start":{"line":28,"column":25},"end":{"line":28,"column":26}},"loc":{"start":{"line":28,"column":35},"end":{"line":35,"column":5}},"line":28},"5":{"name":"(anonymous_5)","decl":{"start":{"line":46,"column":27},"end":{"line":46,"column":28}},"loc":{"start":{"line":46,"column":37},"end":{"line":50,"column":3}},"line":46},"6":{"name":"(anonymous_6)","decl":{"start":{"line":58,"column":15},"end":{"line":58,"column":16}},"loc":{"start":{"line":58,"column":21},"end":{"line":58,"column":54}},"line":58},"7":{"name":"(anonymous_7)","decl":{"start":{"line":69,"column":4},"end":{"line":69,"column":5}},"loc":{"start":{"line":69,"column":18},"end":{"line":69,"column":35}},"line":69},"8":{"name":"(anonymous_8)","decl":{"start":{"line":73,"column":24},"end":{"line":73,"column":25}},"loc":{"start":{"line":74,"column":6},"end":{"line":81,"column":24}},"line":74},"9":{"name":"(anonymous_9)","decl":{"start":{"line":78,"column":17},"end":{"line":78,"column":18}},"loc":{"start":{"line":78,"column":23},"end":{"line":78,"column":45}},"line":78},"10":{"name":"(anonymous_10)","decl":{"start":{"line":95,"column":17},"end":{"line":95,"column":18}},"loc":{"start":{"line":95,"column":23},"end":{"line":95,"column":51}},"line":95},"11":{"name":"(anonymous_11)","decl":{"start":{"line":106,"column":15},"end":{"line":106,"column":16}},"loc":{"start":{"line":106,"column":21},"end":{"line":106,"column":54}},"line":106},"12":{"name":"(anonymous_12)","decl":{"start":{"line":120,"column":18},"end":{"line":120,"column":19}},"loc":{"start":{"line":120,"column":25},"end":{"line":123,"column":9}},"line":120},"13":{"name":"(anonymous_13)","decl":{"start":{"line":129,"column":25},"end":{"line":129,"column":26}},"loc":{"start":{"line":130,"column":14},"end":{"line":132,"column":19}},"line":130},"14":{"name":"(anonymous_14)","decl":{"start":{"line":130,"column":47},"end":{"line":130,"column":48}},"loc":{"start":{"line":130,"column":53},"end":{"line":130,"column":72}},"line":130},"15":{"name":"(anonymous_15)","decl":{"start":{"line":139,"column":30},"end":{"line":139,"column":31}},"loc":{"start":{"line":140,"column":14},"end":{"line":144,"column":19}},"line":140},"16":{"name":"(anonymous_16)","decl":{"start":{"line":141,"column":29},"end":{"line":141,"column":30}},"loc":{"start":{"line":142,"column":18},"end":{"line":142,"column":78}},"line":142}},"branchMap":{"0":{"loc":{"start":{"line":25,"column":4},"end":{"line":27,"column":5}},"type":"if","locations":[{"start":{"line":25,"column":4},"end":{"line":27,"column":5}},{"start":{},"end":{}}],"line":25},"1":{"loc":{"start":{"line":32,"column":6},"end":{"line":32,"column":37}},"type":"if","locations":[{"start":{"line":32,"column":6},"end":{"line":32,"column":37}},{"start":{},"end":{}}],"line":32},"2":{"loc":{"start":{"line":33,"column":6},"end":{"line":33,"column":36}},"type":"if","locations":[{"start":{"line":33,"column":6},"end":{"line":33,"column":36}},{"start":{},"end":{}}],"line":33},"3":{"loc":{"start":{"line":47,"column":4},"end":{"line":49,"column":5}},"type":"if","locations":[{"start":{"line":47,"column":4},"end":{"line":49,"column":5}},{"start":{},"end":{}}],"line":47},"4":{"loc":{"start":{"line":47,"column":8},"end":{"line":47,"column":39}},"type":"binary-expr","locations":[{"start":{"line":47,"column":8},"end":{"line":47,"column":17}},{"start":{"line":47,"column":21},"end":{"line":47,"column":39}}],"line":47},"5":{"loc":{"start":{"line":63,"column":20},"end":{"line":63,"column":54}},"type":"cond-expr","locations":[{"start":{"line":63,"column":39},"end":{"line":63,"column":40}},{"start":{"line":63,"column":43},"end":{"line":63,"column":54}}],"line":63},"6":{"loc":{"start":{"line":85,"column":2},"end":{"line":87,"column":3}},"type":"if","locations":[{"start":{"line":85,"column":2},"end":{"line":87,"column":3}},{"start":{},"end":{}}],"line":85},"7":{"loc":{"start":{"line":85,"column":6},"end":{"line":85,"column":52}},"type":"binary-expr","locations":[{"start":{"line":85,"column":6},"end":{"line":85,"column":20}},{"start":{"line":85,"column":24},"end":{"line":85,"column":52}}],"line":85},"8":{"loc":{"start":{"line":89,"column":2},"end":{"line":100,"column":3}},"type":"if","locations":[{"start":{"line":89,"column":2},"end":{"line":100,"column":3}},{"start":{},"end":{}}],"line":89},"9":{"loc":{"start":{"line":89,"column":6},"end":{"line":89,"column":52}},"type":"binary-expr","locations":[{"start":{"line":89,"column":6},"end":{"line":89,"column":20}},{"start":{"line":89,"column":24},"end":{"line":89,"column":52}}],"line":89},"10":{"loc":{"start":{"line":138,"column":11},"end":{"line":152,"column":11}},"type":"cond-expr","locations":[{"start":{"line":139,"column":12},"end":{"line":145,"column":14}},{"start":{"line":147,"column":12},"end":{"line":151,"column":17}}],"line":138},"11":{"loc":{"start":{"line":142,"column":53},"end":{"line":142,"column":71}},"type":"binary-expr","locations":[{"start":{"line":142,"column":53},"end":{"line":142,"column":65}},{"start":{"line":142,"column":69},"end":{"line":142,"column":71}}],"line":142},"12":{"loc":{"start":{"line":156,"column":7},"end":{"line":156,"column":57}},"type":"binary-expr","locations":[{"start":{"line":156,"column":7},"end":{"line":156,"column":21}},{"start":{"line":156,"column":25},"end":{"line":156,"column":57}}],"line":156}},"s":{"0":40,"1":40,"2":40,"3":40,"4":40,"5":40,"6":42,"7":44,"8":40,"9":39,"10":1,"11":3,"12":3,"13":3,"14":1,"15":2,"16":2,"17":0,"18":40,"19":40,"20":40,"21":40,"22":0,"23":0,"24":40,"25":40,"26":0,"27":40,"28":40,"29":21,"30":40,"31":21,"32":0,"33":40,"34":0,"35":40,"36":0,"37":0,"38":40,"39":0,"40":40,"41":1,"42":1,"43":146,"44":1,"45":40,"46":134,"47":5},"f":{"0":40,"1":40,"2":42,"3":44,"4":3,"5":0,"6":0,"7":21,"8":21,"9":0,"10":0,"11":0,"12":1,"13":146,"14":1,"15":40,"16":134},"b":{"0":[39,1],"1":[1,2],"2":[2,0],"3":[0,0],"4":[0,0],"5":[40,0],"6":[0,40],"7":[40,0],"8":[0,40],"9":[40,0],"10":[21,19],"11":[134,0],"12":[40,0]},"_coverageSchema":"1a1c01bbd47fc00a2c39e90264f33305004495a9","hash":"b93f3609a117d3dc130b854a48b4d1a97245dd27"}
,"/Users/prashant/Desktop/react/rewards-app/src/components/Loader.jsx": {"path":"/Users/prashant/Desktop/react/rewards-app/src/components/Loader.jsx","statementMap":{"0":{"start":{"line":4,"column":2},"end":{"line":8,"column":4}}},"fnMap":{"0":{"name":"Loader","decl":{"start":{"line":3,"column":24},"end":{"line":3,"column":30}},"loc":{"start":{"line":3,"column":33},"end":{"line":9,"column":1}},"line":3}},"branchMap":{},"s":{"0":9},"f":{"0":9},"b":{},"_coverageSchema":"1a1c01bbd47fc00a2c39e90264f33305004495a9","hash":"594ba0ea151a67289cd62d3f4c56f112d493372c"}
,"/Users/prashant/Desktop/react/rewards-app/src/components/Notification.jsx": {"path":"/Users/prashant/Desktop/react/rewards-app/src/components/Notification.jsx","statementMap":{"0":{"start":{"line":5,"column":2},"end":{"line":9,"column":4}},"1":{"start":{"line":12,"column":0},"end":{"line":14,"column":2}}},"fnMap":{"0":{"name":"Notification","decl":{"start":{"line":4,"column":9},"end":{"line":4,"column":21}},"loc":{"start":{"line":4,"column":35},"end":{"line":10,"column":1}},"line":4}},"branchMap":{},"s":{"0":7,"1":2},"f":{"0":7},"b":{},"_coverageSchema":"1a1c01bbd47fc00a2c39e90264f33305004495a9","hash":"24f1f33223c42b94715f399d6ae956488c7b6ddf"}
,"/Users/prashant/Desktop/react/rewards-app/src/constants/constants.js": {"path":"/Users/prashant/Desktop/react/rewards-app/src/constants/constants.js","statementMap":{"0":{"start":{"line":3,"column":30},"end":{"line":3,"column":31}}},"fnMap":{},"branchMap":{},"s":{"0":5},"f":{},"b":{},"_coverageSchema":"1a1c01bbd47fc00a2c39e90264f33305004495a9","hash":"af96c80a532b8d764b8273569dc40821ea92640d"}
,"/Users/prashant/Desktop/react/rewards-app/src/helper/dateUtils.js": {"path":"/Users/prashant/Desktop/react/rewards-app/src/helper/dateUtils.js","statementMap":{"0":{"start":{"line":9,"column":31},"end":{"line":17,"column":1}},"1":{"start":{"line":10,"column":15},"end":{"line":10,"column":32}},"2":{"start":{"line":12,"column":2},"end":{"line":16,"column":4}},"3":{"start":{"line":19,"column":0},"end":{"line":21,"column":2}}},"fnMap":{"0":{"name":"(anonymous_0)","decl":{"start":{"line":9,"column":31},"end":{"line":9,"column":32}},"loc":{"start":{"line":9,"column":44},"end":{"line":17,"column":1}},"line":9}},"branchMap":{},"s":{"0":3,"1":11,"2":11,"3":3},"f":{"0":11},"b":{},"_coverageSchema":"1a1c01bbd47fc00a2c39e90264f33305004495a9","hash":"75587dadecf0dfee977a15481e144b3ff4f1c3c3"}
,"/Users/prashant/Desktop/react/rewards-app/src/helper/logger.js": {"path":"/Users/prashant/Desktop/react/rewards-app/src/helper/logger.js","statementMap":{"0":{"start":{"line":3,"column":22},"end":{"line":15,"column":1}},"1":{"start":{"line":4,"column":2},"end":{"line":14,"column":3}},"2":{"start":{"line":6,"column":6},"end":{"line":6,"column":35}},"3":{"start":{"line":7,"column":6},"end":{"line":7,"column":12}},"4":{"start":{"line":9,"column":6},"end":{"line":9,"column":34}},"5":{"start":{"line":10,"column":6},"end":{"line":10,"column":12}},"6":{"start":{"line":12,"column":6},"end":{"line":12,"column":34}},"7":{"start":{"line":13,"column":6},"end":{"line":13,"column":12}},"8":{"start":{"line":17,"column":0},"end":{"line":21,"column":2}}},"fnMap":{"0":{"name":"(anonymous_0)","decl":{"start":{"line":3,"column":22},"end":{"line":3,"column":23}},"loc":{"start":{"line":3,"column":47},"end":{"line":15,"column":1}},"line":3}},"branchMap":{"0":{"loc":{"start":{"line":4,"column":2},"end":{"line":14,"column":3}},"type":"switch","locations":[{"start":{"line":5,"column":4},"end":{"line":7,"column":12}},{"start":{"line":8,"column":4},"end":{"line":10,"column":12}},{"start":{"line":11,"column":4},"end":{"line":13,"column":12}}],"line":4}},"s":{"0":2,"1":5,"2":3,"3":3,"4":1,"5":1,"6":1,"7":1,"8":2},"f":{"0":5},"b":{"0":[3,1,1]},"_coverageSchema":"1a1c01bbd47fc00a2c39e90264f33305004495a9","hash":"c5ca94ed5e5bae3ece2b4a7cf45d009c23178650"}
,"/Users/prashant/Desktop/react/rewards-app/src/helper/rewardUtils.js": {"path":"/Users/prashant/Desktop/react/rewards-app/src/helper/rewardUtils.js","statementMap":{"0":{"start":{"line":12,"column":25},"end":{"line":26,"column":1}},"1":{"start":{"line":13,"column":2},"end":{"line":15,"column":3}},"2":{"start":{"line":14,"column":4},"end":{"line":14,"column":13}},"3":{"start":{"line":17,"column":2},"end":{"line":19,"column":3}},"4":{"start":{"line":18,"column":4},"end":{"line":18,"column":47}},"5":{"start":{"line":21,"column":2},"end":{"line":23,"column":3}},"6":{"start":{"line":22,"column":4},"end":{"line":22,"column":35}},"7":{"start":{"line":25,"column":2},"end":{"line":25,"column":11}},"8":{"start":{"line":29,"column":37},"end":{"line":34,"column":1}},"9":{"start":{"line":30,"column":2},"end":{"line":33,"column":6}},"10":{"start":{"line":30,"column":37},"end":{"line":33,"column":3}},"11":{"start":{"line":37,"column":38},"end":{"line":73,"column":1}},"12":{"start":{"line":38,"column":17},"end":{"line":51,"column":3}},"13":{"start":{"line":53,"column":18},"end":{"line":70,"column":8}},"14":{"start":{"line":54,"column":33},"end":{"line":54,"column":67}},"15":{"start":{"line":56,"column":19},"end":{"line":56,"column":46}},"16":{"start":{"line":58,"column":4},"end":{"line":65,"column":5}},"17":{"start":{"line":59,"column":6},"end":{"line":64,"column":8}},"18":{"start":{"line":67,"column":4},"end":{"line":67,"column":50}},"19":{"start":{"line":69,"column":4},"end":{"line":69,"column":15}},"20":{"start":{"line":72,"column":2},"end":{"line":72,"column":32}},"21":{"start":{"line":76,"column":42},"end":{"line":91,"column":1}},"22":{"start":{"line":77,"column":18},"end":{"line":88,"column":8}},"23":{"start":{"line":78,"column":4},"end":{"line":83,"column":5}},"24":{"start":{"line":79,"column":6},"end":{"line":82,"column":8}},"25":{"start":{"line":85,"column":4},"end":{"line":85,"column":59}},"26":{"start":{"line":87,"column":4},"end":{"line":87,"column":15}},"27":{"start":{"line":90,"column":2},"end":{"line":90,"column":32}}},"fnMap":{"0":{"name":"(anonymous_0)","decl":{"start":{"line":12,"column":25},"end":{"line":12,"column":26}},"loc":{"start":{"line":12,"column":37},"end":{"line":26,"column":1}},"line":12},"1":{"name":"(anonymous_1)","decl":{"start":{"line":29,"column":37},"end":{"line":29,"column":38}},"loc":{"start":{"line":29,"column":55},"end":{"line":34,"column":1}},"line":29},"2":{"name":"(anonymous_2)","decl":{"start":{"line":30,"column":26},"end":{"line":30,"column":27}},"loc":{"start":{"line":30,"column":37},"end":{"line":33,"column":3}},"line":30},"3":{"name":"(anonymous_3)","decl":{"start":{"line":37,"column":38},"end":{"line":37,"column":39}},"loc":{"start":{"line":37,"column":61},"end":{"line":73,"column":1}},"line":37},"4":{"name":"(anonymous_4)","decl":{"start":{"line":53,"column":38},"end":{"line":53,"column":39}},"loc":{"start":{"line":53,"column":53},"end":{"line":70,"column":3}},"line":53},"5":{"name":"(anonymous_5)","decl":{"start":{"line":76,"column":42},"end":{"line":76,"column":43}},"loc":{"start":{"line":76,"column":65},"end":{"line":91,"column":1}},"line":76},"6":{"name":"(anonymous_6)","decl":{"start":{"line":77,"column":38},"end":{"line":77,"column":39}},"loc":{"start":{"line":77,"column":53},"end":{"line":88,"column":3}},"line":77}},"branchMap":{"0":{"loc":{"start":{"line":13,"column":2},"end":{"line":15,"column":3}},"type":"if","locations":[{"start":{"line":13,"column":2},"end":{"line":15,"column":3}},{"start":{},"end":{}}],"line":13},"1":{"loc":{"start":{"line":13,"column":6},"end":{"line":13,"column":63}},"type":"binary-expr","locations":[{"start":{"line":13,"column":6},"end":{"line":13,"column":32}},{"start":{"line":13,"column":36},"end":{"line":13,"column":49}},{"start":{"line":13,"column":53},"end":{"line":13,"column":63}}],"line":13},"2":{"loc":{"start":{"line":17,"column":2},"end":{"line":19,"column":3}},"type":"if","locations":[{"start":{"line":17,"column":2},"end":{"line":19,"column":3}},{"start":{},"end":{}}],"line":17},"3":{"loc":{"start":{"line":21,"column":2},"end":{"line":23,"column":3}},"type":"if","locations":[{"start":{"line":21,"column":2},"end":{"line":23,"column":3}},{"start":{},"end":{}}],"line":21},"4":{"loc":{"start":{"line":37,"column":39},"end":{"line":37,"column":56}},"type":"default-arg","locations":[{"start":{"line":37,"column":54},"end":{"line":37,"column":56}}],"line":37},"5":{"loc":{"start":{"line":58,"column":4},"end":{"line":65,"column":5}},"type":"if","locations":[{"start":{"line":58,"column":4},"end":{"line":65,"column":5}},{"start":{},"end":{}}],"line":58},"6":{"loc":{"start":{"line":76,"column":43},"end":{"line":76,"column":60}},"type":"default-arg","locations":[{"start":{"line":76,"column":58},"end":{"line":76,"column":60}}],"line":76},"7":{"loc":{"start":{"line":78,"column":4},"end":{"line":83,"column":5}},"type":"if","locations":[{"start":{"line":78,"column":4},"end":{"line":83,"column":5}},{"start":{},"end":{}}],"line":78}},"s":{"0":2,"1":12,"2":2,"3":10,"4":5,"5":5,"6":4,"7":1,"8":2,"9":8,"10":7,"11":2,"12":19,"13":19,"14":7,"15":7,"16":7,"17":6,"18":7,"19":7,"20":19,"21":2,"22":19,"23":7,"24":6,"25":7,"26":7,"27":19},"f":{"0":12,"1":8,"2":7,"3":19,"4":7,"5":19,"6":7},"b":{"0":[2,10],"1":[12,11,11],"2":[5,5],"3":[4,1],"4":[0],"5":[6,1],"6":[0],"7":[6,1]},"_coverageSchema":"1a1c01bbd47fc00a2c39e90264f33305004495a9","hash":"5c3244732cadc540fd59340d0ebfce32c5cf3d8f"}
,"/Users/prashant/Desktop/react/rewards-app/src/pages/MonthlyRewardsTable.jsx": {"path":"/Users/prashant/Desktop/react/rewards-app/src/pages/MonthlyRewardsTable.jsx","statementMap":{"0":{"start":{"line":11,"column":32},"end":{"line":16,"column":1}},"1":{"start":{"line":17,"column":28},"end":{"line":29,"column":1}},"2":{"start":{"line":19,"column":2},"end":{"line":28,"column":4}},"3":{"start":{"line":31,"column":0},"end":{"line":40,"column":2}}},"fnMap":{"0":{"name":"(anonymous_0)","decl":{"start":{"line":17,"column":28},"end":{"line":17,"column":29}},"loc":{"start":{"line":17,"column":56},"end":{"line":29,"column":1}},"line":17}},"branchMap":{},"s":{"0":2,"1":2,"2":11,"3":2},"f":{"0":11},"b":{},"_coverageSchema":"1a1c01bbd47fc00a2c39e90264f33305004495a9","hash":"20a6d5a350c486d2796e05abeeb7ee1262bd7cf3"}
,"/Users/prashant/Desktop/react/rewards-app/src/pages/TotalRewardsTable.jsx": {"path":"/Users/prashant/Desktop/react/rewards-app/src/pages/TotalRewardsTable.jsx","statementMap":{"0":{"start":{"line":11,"column":30},"end":{"line":14,"column":1}},"1":{"start":{"line":16,"column":26},"end":{"line":28,"column":1}},"2":{"start":{"line":18,"column":2},"end":{"line":27,"column":4}},"3":{"start":{"line":30,"column":0},"end":{"line":37,"column":2}}},"fnMap":{"0":{"name":"(anonymous_0)","decl":{"start":{"line":16,"column":26},"end":{"line":16,"column":27}},"loc":{"start":{"line":16,"column":52},"end":{"line":28,"column":1}},"line":16}},"branchMap":{},"s":{"0":2,"1":2,"2":11,"3":2},"f":{"0":11},"b":{},"_coverageSchema":"1a1c01bbd47fc00a2c39e90264f33305004495a9","hash":"a72e42b8cf4a13fdfb1c33e066c453a00b4662c6"}
,"/Users/prashant/Desktop/react/rewards-app/src/pages/TransactionsTable.jsx": {"path":"/Users/prashant/Desktop/react/rewards-app/src/pages/TransactionsTable.jsx","statementMap":{"0":{"start":{"line":11,"column":28},"end":{"line":18,"column":1}},"1":{"start":{"line":20,"column":26},"end":{"line":33,"column":1}},"2":{"start":{"line":22,"column":2},"end":{"line":32,"column":4}},"3":{"start":{"line":35,"column":0},"end":{"line":46,"column":2}}},"fnMap":{"0":{"name":"(anonymous_0)","decl":{"start":{"line":20,"column":26},"end":{"line":20,"column":27}},"loc":{"start":{"line":20,"column":51},"end":{"line":33,"column":1}},"line":20}},"branchMap":{},"s":{"0":2,"1":2,"2":11,"3":2},"f":{"0":11},"b":{},"_coverageSchema":"1a1c01bbd47fc00a2c39e90264f33305004495a9","hash":"344a1eb6d460c582fb9441b35c2928296d0759e4"}
,"/Users/prashant/Desktop/react/rewards-app/src/services/api.js": {"path":"/Users/prashant/Desktop/react/rewards-app/src/services/api.js","statementMap":{"0":{"start":{"line":8,"column":33},"end":{"line":30,"column":1}},"1":{"start":{"line":9,"column":2},"end":{"line":29,"column":3}},"2":{"start":{"line":10,"column":16},"end":{"line":10,"column":39}},"3":{"start":{"line":12,"column":4},"end":{"line":14,"column":5}},"4":{"start":{"line":13,"column":6},"end":{"line":13,"column":63}},"5":{"start":{"line":16,"column":17},"end":{"line":16,"column":33}},"6":{"start":{"line":18,"column":4},"end":{"line":23,"column":5}},"7":{"start":{"line":22,"column":6},"end":{"line":22,"column":51}},"8":{"start":{"line":25,"column":4},"end":{"line":25,"column":33}},"9":{"start":{"line":27,"column":4},"end":{"line":27,"column":47}},"10":{"start":{"line":28,"column":4},"end":{"line":28,"column":16}}},"fnMap":{"0":{"name":"(anonymous_0)","decl":{"start":{"line":8,"column":33},"end":{"line":8,"column":34}},"loc":{"start":{"line":8,"column":45},"end":{"line":30,"column":1}},"line":8}},"branchMap":{"0":{"loc":{"start":{"line":12,"column":4},"end":{"line":14,"column":5}},"type":"if","locations":[{"start":{"line":12,"column":4},"end":{"line":14,"column":5}},{"start":{},"end":{}}],"line":12},"1":{"loc":{"start":{"line":18,"column":4},"end":{"line":23,"column":5}},"type":"if","locations":[{"start":{"line":18,"column":4},"end":{"line":23,"column":5}},{"start":{},"end":{}}],"line":18},"2":{"loc":{"start":{"line":19,"column":6},"end":{"line":20,"column":40}},"type":"binary-expr","locations":[{"start":{"line":19,"column":6},"end":{"line":19,"column":43}},{"start":{"line":20,"column":6},"end":{"line":20,"column":40}}],"line":19}},"s":{"0":2,"1":5,"2":5,"3":4,"4":1,"5":3,"6":3,"7":1,"8":2,"9":3,"10":3},"f":{"0":5},"b":{"0":[1,3],"1":[1,2],"2":[3,2]},"_coverageSchema":"1a1c01bbd47fc00a2c39e90264f33305004495a9","hash":"798a77f253c94cb6f487f5b23448dc16f928814d"}
}
