TN:
SF:src/App.jsx
FN:21,App
FN:26,(anonymous_1)
FN:42,(anonymous_2)
FN:47,(anonymous_3)
FN:53,(anonymous_4)
FN:58,(anonymous_5)
FN:65,(anonymous_6)
FN:72,(anonymous_7)
FN:76,(anonymous_8)
FNF:9
FNH:9
FNDA:17,App
FNDA:6,(anonymous_1)
FNDA:6,(anonymous_2)
FNDA:4,(anonymous_3)
FNDA:17,(anonymous_4)
FNDA:4,(anonymous_5)
FNDA:4,(anonymous_6)
FNDA:17,(anonymous_7)
FNDA:17,(anonymous_8)
DA:22,17
DA:23,17
DA:24,17
DA:26,17
DA:27,6
DA:28,6
DA:29,6
DA:30,6
DA:31,2
DA:33,4
DA:38,6
DA:42,17
DA:43,6
DA:47,17
DA:53,17
DA:54,17
DA:56,2
DA:58,4
DA:62,2
DA:63,2
DA:65,2
DA:66,4
DA:68,4
DA:72,17
DA:73,17
DA:76,17
DA:77,17
DA:80,17
DA:82,11
DA:83,3
DA:86,8
LF:31
LH:31
BRDA:54,0,0,15
BRDA:54,0,1,2
BRDA:68,1,0,4
BRDA:68,1,1,4
BRDA:80,2,0,6
BRDA:80,2,1,11
BRDA:82,3,0,3
BRDA:82,3,1,8
BRF:8
BRH:8
end_of_record
TN:
SF:src/index.jsx
FNF:0
FNH:0
DA:7,0
DA:11,0
LF:2
LH:0
BRF:0
BRH:0
end_of_record
TN:
SF:src/components/DataTable.jsx
FN:12,DataTable
FN:19,(anonymous_1)
FN:20,(anonymous_2)
FN:21,(anonymous_3)
FN:28,(anonymous_4)
FN:46,(anonymous_5)
FN:58,(anonymous_6)
FN:69,(anonymous_7)
FN:73,(anonymous_8)
FN:78,(anonymous_9)
FN:95,(anonymous_10)
FN:106,(anonymous_11)
FN:120,(anonymous_12)
FN:129,(anonymous_13)
FN:130,(anonymous_14)
FN:139,(anonymous_15)
FN:141,(anonymous_16)
FNF:17
FNH:12
FNDA:40,DataTable
FNDA:40,(anonymous_1)
FNDA:42,(anonymous_2)
FNDA:44,(anonymous_3)
FNDA:3,(anonymous_4)
FNDA:0,(anonymous_5)
FNDA:0,(anonymous_6)
FNDA:21,(anonymous_7)
FNDA:21,(anonymous_8)
FNDA:0,(anonymous_9)
FNDA:0,(anonymous_10)
FNDA:0,(anonymous_11)
FNDA:1,(anonymous_12)
FNDA:146,(anonymous_13)
FNDA:1,(anonymous_14)
FNDA:40,(anonymous_15)
FNDA:134,(anonymous_16)
DA:13,40
DA:14,40
DA:15,40
DA:18,40
DA:19,40
DA:20,40
DA:21,42
DA:22,44
DA:25,40
DA:26,39
DA:28,1
DA:29,3
DA:30,3
DA:32,3
DA:33,2
DA:34,0
DA:41,40
DA:42,40
DA:44,40
DA:46,40
DA:47,0
DA:48,0
DA:52,40
DA:54,40
DA:58,0
DA:63,40
DA:65,40
DA:69,21
DA:72,40
DA:74,21
DA:78,0
DA:85,40
DA:86,0
DA:89,40
DA:90,0
DA:95,0
DA:102,40
DA:106,0
DA:111,40
DA:121,1
DA:122,1
DA:130,146
DA:140,40
DA:142,134
DA:161,5
LF:45
LH:36
BRDA:25,0,0,39
BRDA:25,0,1,1
BRDA:32,1,0,1
BRDA:32,1,1,2
BRDA:33,2,0,2
BRDA:33,2,1,0
BRDA:47,3,0,0
BRDA:47,3,1,0
BRDA:47,4,0,0
BRDA:47,4,1,0
BRDA:63,5,0,40
BRDA:63,5,1,0
BRDA:85,6,0,0
BRDA:85,6,1,40
BRDA:85,7,0,40
BRDA:85,7,1,0
BRDA:89,8,0,0
BRDA:89,8,1,40
BRDA:89,9,0,40
BRDA:89,9,1,0
BRDA:138,10,0,21
BRDA:138,10,1,19
BRDA:142,11,0,134
BRDA:142,11,1,0
BRDA:156,12,0,40
BRDA:156,12,1,0
BRF:26
BRH:14
end_of_record
TN:
SF:src/components/Loader.jsx
FN:3,Loader
FNF:1
FNH:1
FNDA:9,Loader
DA:4,9
LF:1
LH:1
BRF:0
BRH:0
end_of_record
TN:
SF:src/components/Notification.jsx
FN:4,Notification
FNF:1
FNH:1
FNDA:7,Notification
DA:5,7
DA:12,2
LF:2
LH:2
BRF:0
BRH:0
end_of_record
TN:
SF:src/constants/constants.js
FNF:0
FNH:0
DA:3,5
LF:1
LH:1
BRF:0
BRH:0
end_of_record
TN:
SF:src/helper/dateUtils.js
FN:9,(anonymous_0)
FNF:1
FNH:1
FNDA:11,(anonymous_0)
DA:9,3
DA:10,11
DA:12,11
DA:19,3
LF:4
LH:4
BRF:0
BRH:0
end_of_record
TN:
SF:src/helper/logger.js
FN:3,(anonymous_0)
FNF:1
FNH:1
FNDA:5,(anonymous_0)
DA:3,2
DA:4,5
DA:6,3
DA:7,3
DA:9,1
DA:10,1
DA:12,1
DA:13,1
DA:17,2
LF:9
LH:9
BRDA:4,0,0,3
BRDA:4,0,1,1
BRDA:4,0,2,1
BRF:3
BRH:3
end_of_record
TN:
SF:src/helper/rewardUtils.js
FN:12,(anonymous_0)
FN:29,(anonymous_1)
FN:30,(anonymous_2)
FN:37,(anonymous_3)
FN:53,(anonymous_4)
FN:76,(anonymous_5)
FN:77,(anonymous_6)
FNF:7
FNH:7
FNDA:12,(anonymous_0)
FNDA:8,(anonymous_1)
FNDA:7,(anonymous_2)
FNDA:19,(anonymous_3)
FNDA:7,(anonymous_4)
FNDA:19,(anonymous_5)
FNDA:7,(anonymous_6)
DA:12,2
DA:13,12
DA:14,2
DA:17,10
DA:18,5
DA:21,5
DA:22,4
DA:25,1
DA:29,2
DA:30,8
DA:37,2
DA:38,19
DA:53,19
DA:54,7
DA:56,7
DA:58,7
DA:59,6
DA:67,7
DA:69,7
DA:72,19
DA:76,2
DA:77,19
DA:78,7
DA:79,6
DA:85,7
DA:87,7
DA:90,19
LF:27
LH:27
BRDA:13,0,0,2
BRDA:13,0,1,10
BRDA:13,1,0,12
BRDA:13,1,1,11
BRDA:13,1,2,11
BRDA:17,2,0,5
BRDA:17,2,1,5
BRDA:21,3,0,4
BRDA:21,3,1,1
BRDA:37,4,0,0
BRDA:58,5,0,6
BRDA:58,5,1,1
BRDA:76,6,0,0
BRDA:78,7,0,6
BRDA:78,7,1,1
BRF:15
BRH:13
end_of_record
TN:
SF:src/pages/MonthlyRewardsTable.jsx
FN:17,(anonymous_0)
FNF:1
FNH:1
FNDA:11,(anonymous_0)
DA:11,2
DA:17,2
DA:19,11
DA:31,2
LF:4
LH:4
BRF:0
BRH:0
end_of_record
TN:
SF:src/pages/TotalRewardsTable.jsx
FN:16,(anonymous_0)
FNF:1
FNH:1
FNDA:11,(anonymous_0)
DA:11,2
DA:16,2
DA:18,11
DA:30,2
LF:4
LH:4
BRF:0
BRH:0
end_of_record
TN:
SF:src/pages/TransactionsTable.jsx
FN:20,(anonymous_0)
FNF:1
FNH:1
FNDA:11,(anonymous_0)
DA:11,2
DA:20,2
DA:22,11
DA:35,2
LF:4
LH:4
BRF:0
BRH:0
end_of_record
TN:
SF:src/services/api.js
FN:8,(anonymous_0)
FNF:1
FNH:1
FNDA:5,(anonymous_0)
DA:8,2
DA:9,5
DA:10,5
DA:12,4
DA:13,1
DA:16,3
DA:18,3
DA:22,1
DA:25,2
DA:27,3
DA:28,3
LF:11
LH:11
BRDA:12,0,0,1
BRDA:12,0,1,3
BRDA:18,1,0,1
BRDA:18,1,1,2
BRDA:19,2,0,3
BRDA:19,2,1,2
BRF:6
BRH:6
end_of_record
